Determining if the pthread_create exist failed with the following output:
Change Dir: /home/lms/RoboConnectApp/build/kuka_kr16_support/CMakeFiles/CMakeTmp

Run Build Command:"/usr/bin/make" "cmTC_2302a/fast"
/usr/bin/make -f CMakeFiles/cmTC_2302a.dir/build.make CMakeFiles/cmTC_2302a.dir/build
make[1]: Entering directory '/home/lms/RoboConnectApp/build/kuka_kr16_support/CMakeFiles/CMakeTmp'
Building C object CMakeFiles/cmTC_2302a.dir/CheckSymbolExists.c.o
/usr/bin/cc    -o CMakeFiles/cmTC_2302a.dir/CheckSymbolExists.c.o   -c /home/lms/RoboConnectApp/build/kuka_kr16_support/CMakeFiles/CMakeTmp/CheckSymbolExists.c
Linking C executable cmTC_2302a
/usr/bin/cmake -E cmake_link_script CMakeFiles/cmTC_2302a.dir/link.txt --verbose=1
/usr/bin/cc      -rdynamic CMakeFiles/cmTC_2302a.dir/CheckSymbolExists.c.o  -o cmTC_2302a 
CMakeFiles/cmTC_2302a.dir/CheckSymbolExists.c.o: In function `main':
CheckSymbolExists.c:(.text+0x1b): undefined reference to `pthread_create'
collect2: error: ld returned 1 exit status
CMakeFiles/cmTC_2302a.dir/build.make:97: recipe for target 'cmTC_2302a' failed
make[1]: *** [cmTC_2302a] Error 1
make[1]: Leaving directory '/home/lms/RoboConnectApp/build/kuka_kr16_support/CMakeFiles/CMakeTmp'
Makefile:126: recipe for target 'cmTC_2302a/fast' failed
make: *** [cmTC_2302a/fast] Error 2

File /home/lms/RoboConnectApp/build/kuka_kr16_support/CMakeFiles/CMakeTmp/CheckSymbolExists.c:
/* */
#include <pthread.h>

int main(int argc, char** argv)
{
  (void)argv;
#ifndef pthread_create
  return ((int*)(&pthread_create))[argc];
#else
  (void)argc;
  return 0;
#endif
}

Determining if the function pthread_create exists in the pthreads failed with the following output:
Change Dir: /home/lms/RoboConnectApp/build/kuka_kr16_support/CMakeFiles/CMakeTmp

Run Build Command:"/usr/bin/make" "cmTC_97425/fast"
/usr/bin/make -f CMakeFiles/cmTC_97425.dir/build.make CMakeFiles/cmTC_97425.dir/build
make[1]: Entering directory '/home/lms/RoboConnectApp/build/kuka_kr16_support/CMakeFiles/CMakeTmp'
Building C object CMakeFiles/cmTC_97425.dir/CheckFunctionExists.c.o
/usr/bin/cc   -DCHECK_FUNCTION_EXISTS=pthread_create   -o CMakeFiles/cmTC_97425.dir/CheckFunctionExists.c.o   -c /usr/share/cmake-3.10/Modules/CheckFunctionExists.c
Linking C executable cmTC_97425
/usr/bin/cmake -E cmake_link_script CMakeFiles/cmTC_97425.dir/link.txt --verbose=1
/usr/bin/cc  -DCHECK_FUNCTION_EXISTS=pthread_create    -rdynamic CMakeFiles/cmTC_97425.dir/CheckFunctionExists.c.o  -o cmTC_97425 -lpthreads 
/usr/bin/ld: cannot find -lpthreads
collect2: error: ld returned 1 exit status
CMakeFiles/cmTC_97425.dir/build.make:97: recipe for target 'cmTC_97425' failed
make[1]: *** [cmTC_97425] Error 1
make[1]: Leaving directory '/home/lms/RoboConnectApp/build/kuka_kr16_support/CMakeFiles/CMakeTmp'
Makefile:126: recipe for target 'cmTC_97425/fast' failed
make: *** [cmTC_97425/fast] Error 2


