Determining if the pthread_create exist failed with the following output:
Change Dir: /home/lms/RoboConnectApp/build/kuka_eki_hw_interface/CMakeFiles/CMakeTmp

Run Build Command:"/usr/bin/make" "cmTC_dd03e/fast"
/usr/bin/make -f CMakeFiles/cmTC_dd03e.dir/build.make CMakeFiles/cmTC_dd03e.dir/build
make[1]: Entering directory '/home/lms/RoboConnectApp/build/kuka_eki_hw_interface/CMakeFiles/CMakeTmp'
Building C object CMakeFiles/cmTC_dd03e.dir/CheckSymbolExists.c.o
/usr/bin/cc    -o CMakeFiles/cmTC_dd03e.dir/CheckSymbolExists.c.o   -c /home/lms/RoboConnectApp/build/kuka_eki_hw_interface/CMakeFiles/CMakeTmp/CheckSymbolExists.c
Linking C executable cmTC_dd03e
/usr/bin/cmake -E cmake_link_script CMakeFiles/cmTC_dd03e.dir/link.txt --verbose=1
/usr/bin/cc      -rdynamic CMakeFiles/cmTC_dd03e.dir/CheckSymbolExists.c.o  -o cmTC_dd03e 
CMakeFiles/cmTC_dd03e.dir/CheckSymbolExists.c.o: In function `main':
CheckSymbolExists.c:(.text+0x1b): undefined reference to `pthread_create'
collect2: error: ld returned 1 exit status
CMakeFiles/cmTC_dd03e.dir/build.make:97: recipe for target 'cmTC_dd03e' failed
make[1]: *** [cmTC_dd03e] Error 1
make[1]: Leaving directory '/home/lms/RoboConnectApp/build/kuka_eki_hw_interface/CMakeFiles/CMakeTmp'
Makefile:126: recipe for target 'cmTC_dd03e/fast' failed
make: *** [cmTC_dd03e/fast] Error 2

File /home/lms/RoboConnectApp/build/kuka_eki_hw_interface/CMakeFiles/CMakeTmp/CheckSymbolExists.c:
/* */
#include <pthread.h>

int main(int argc, char** argv)
{
  (void)argv;
#ifndef pthread_create
  return ((int*)(&pthread_create))[argc];
#else
  (void)argc;
  return 0;
#endif
}

Determining if the function pthread_create exists in the pthreads failed with the following output:
Change Dir: /home/lms/RoboConnectApp/build/kuka_eki_hw_interface/CMakeFiles/CMakeTmp

Run Build Command:"/usr/bin/make" "cmTC_475be/fast"
/usr/bin/make -f CMakeFiles/cmTC_475be.dir/build.make CMakeFiles/cmTC_475be.dir/build
make[1]: Entering directory '/home/lms/RoboConnectApp/build/kuka_eki_hw_interface/CMakeFiles/CMakeTmp'
Building C object CMakeFiles/cmTC_475be.dir/CheckFunctionExists.c.o
/usr/bin/cc   -DCHECK_FUNCTION_EXISTS=pthread_create   -o CMakeFiles/cmTC_475be.dir/CheckFunctionExists.c.o   -c /usr/share/cmake-3.10/Modules/CheckFunctionExists.c
Linking C executable cmTC_475be
/usr/bin/cmake -E cmake_link_script CMakeFiles/cmTC_475be.dir/link.txt --verbose=1
/usr/bin/cc  -DCHECK_FUNCTION_EXISTS=pthread_create    -rdynamic CMakeFiles/cmTC_475be.dir/CheckFunctionExists.c.o  -o cmTC_475be -lpthreads 
/usr/bin/ld: cannot find -lpthreads
collect2: error: ld returned 1 exit status
CMakeFiles/cmTC_475be.dir/build.make:97: recipe for target 'cmTC_475be' failed
make[1]: *** [cmTC_475be] Error 1
make[1]: Leaving directory '/home/lms/RoboConnectApp/build/kuka_eki_hw_interface/CMakeFiles/CMakeTmp'
Makefile:126: recipe for target 'cmTC_475be/fast' failed
make: *** [cmTC_475be/fast] Error 2


