Determining if the pthread_create exist failed with the following output:
Change Dir: /home/lms/RoboConnectApp/build/ur10_e_moveit_config/CMakeFiles/CMakeTmp

Run Build Command:"/usr/bin/make" "cmTC_89fae/fast"
/usr/bin/make -f CMakeFiles/cmTC_89fae.dir/build.make CMakeFiles/cmTC_89fae.dir/build
make[1]: Entering directory '/home/lms/RoboConnectApp/build/ur10_e_moveit_config/CMakeFiles/CMakeTmp'
Building C object CMakeFiles/cmTC_89fae.dir/CheckSymbolExists.c.o
/usr/bin/cc    -o CMakeFiles/cmTC_89fae.dir/CheckSymbolExists.c.o   -c /home/lms/RoboConnectApp/build/ur10_e_moveit_config/CMakeFiles/CMakeTmp/CheckSymbolExists.c
Linking C executable cmTC_89fae
/usr/bin/cmake -E cmake_link_script CMakeFiles/cmTC_89fae.dir/link.txt --verbose=1
/usr/bin/cc      -rdynamic CMakeFiles/cmTC_89fae.dir/CheckSymbolExists.c.o  -o cmTC_89fae 
CMakeFiles/cmTC_89fae.dir/CheckSymbolExists.c.o: In function `main':
CheckSymbolExists.c:(.text+0x1b): undefined reference to `pthread_create'
collect2: error: ld returned 1 exit status
CMakeFiles/cmTC_89fae.dir/build.make:97: recipe for target 'cmTC_89fae' failed
make[1]: *** [cmTC_89fae] Error 1
make[1]: Leaving directory '/home/lms/RoboConnectApp/build/ur10_e_moveit_config/CMakeFiles/CMakeTmp'
Makefile:126: recipe for target 'cmTC_89fae/fast' failed
make: *** [cmTC_89fae/fast] Error 2

File /home/lms/RoboConnectApp/build/ur10_e_moveit_config/CMakeFiles/CMakeTmp/CheckSymbolExists.c:
/* */
#include <pthread.h>

int main(int argc, char** argv)
{
  (void)argv;
#ifndef pthread_create
  return ((int*)(&pthread_create))[argc];
#else
  (void)argc;
  return 0;
#endif
}

Determining if the function pthread_create exists in the pthreads failed with the following output:
Change Dir: /home/lms/RoboConnectApp/build/ur10_e_moveit_config/CMakeFiles/CMakeTmp

Run Build Command:"/usr/bin/make" "cmTC_ad44d/fast"
/usr/bin/make -f CMakeFiles/cmTC_ad44d.dir/build.make CMakeFiles/cmTC_ad44d.dir/build
make[1]: Entering directory '/home/lms/RoboConnectApp/build/ur10_e_moveit_config/CMakeFiles/CMakeTmp'
Building C object CMakeFiles/cmTC_ad44d.dir/CheckFunctionExists.c.o
/usr/bin/cc   -DCHECK_FUNCTION_EXISTS=pthread_create   -o CMakeFiles/cmTC_ad44d.dir/CheckFunctionExists.c.o   -c /usr/share/cmake-3.10/Modules/CheckFunctionExists.c
Linking C executable cmTC_ad44d
/usr/bin/cmake -E cmake_link_script CMakeFiles/cmTC_ad44d.dir/link.txt --verbose=1
/usr/bin/cc  -DCHECK_FUNCTION_EXISTS=pthread_create    -rdynamic CMakeFiles/cmTC_ad44d.dir/CheckFunctionExists.c.o  -o cmTC_ad44d -lpthreads 
/usr/bin/ld: cannot find -lpthreads
collect2: error: ld returned 1 exit status
CMakeFiles/cmTC_ad44d.dir/build.make:97: recipe for target 'cmTC_ad44d' failed
make[1]: *** [cmTC_ad44d] Error 1
make[1]: Leaving directory '/home/lms/RoboConnectApp/build/ur10_e_moveit_config/CMakeFiles/CMakeTmp'
Makefile:126: recipe for target 'cmTC_ad44d/fast' failed
make: *** [cmTC_ad44d/fast] Error 2


