Determining if the pthread_create exist failed with the following output:
Change Dir: /home/lms/RoboConnectApp/build/kuka_kr5_support/CMakeFiles/CMakeTmp

Run Build Command:"/usr/bin/make" "cmTC_82146/fast"
/usr/bin/make -f CMakeFiles/cmTC_82146.dir/build.make CMakeFiles/cmTC_82146.dir/build
make[1]: Entering directory '/home/lms/RoboConnectApp/build/kuka_kr5_support/CMakeFiles/CMakeTmp'
Building C object CMakeFiles/cmTC_82146.dir/CheckSymbolExists.c.o
/usr/bin/cc    -o CMakeFiles/cmTC_82146.dir/CheckSymbolExists.c.o   -c /home/lms/RoboConnectApp/build/kuka_kr5_support/CMakeFiles/CMakeTmp/CheckSymbolExists.c
Linking C executable cmTC_82146
/usr/bin/cmake -E cmake_link_script CMakeFiles/cmTC_82146.dir/link.txt --verbose=1
/usr/bin/cc      -rdynamic CMakeFiles/cmTC_82146.dir/CheckSymbolExists.c.o  -o cmTC_82146 
CMakeFiles/cmTC_82146.dir/CheckSymbolExists.c.o: In function `main':
CheckSymbolExists.c:(.text+0x1b): undefined reference to `pthread_create'
collect2: error: ld returned 1 exit status
CMakeFiles/cmTC_82146.dir/build.make:97: recipe for target 'cmTC_82146' failed
make[1]: *** [cmTC_82146] Error 1
make[1]: Leaving directory '/home/lms/RoboConnectApp/build/kuka_kr5_support/CMakeFiles/CMakeTmp'
Makefile:126: recipe for target 'cmTC_82146/fast' failed
make: *** [cmTC_82146/fast] Error 2

File /home/lms/RoboConnectApp/build/kuka_kr5_support/CMakeFiles/CMakeTmp/CheckSymbolExists.c:
/* */
#include <pthread.h>

int main(int argc, char** argv)
{
  (void)argv;
#ifndef pthread_create
  return ((int*)(&pthread_create))[argc];
#else
  (void)argc;
  return 0;
#endif
}

Determining if the function pthread_create exists in the pthreads failed with the following output:
Change Dir: /home/lms/RoboConnectApp/build/kuka_kr5_support/CMakeFiles/CMakeTmp

Run Build Command:"/usr/bin/make" "cmTC_f743b/fast"
/usr/bin/make -f CMakeFiles/cmTC_f743b.dir/build.make CMakeFiles/cmTC_f743b.dir/build
make[1]: Entering directory '/home/lms/RoboConnectApp/build/kuka_kr5_support/CMakeFiles/CMakeTmp'
Building C object CMakeFiles/cmTC_f743b.dir/CheckFunctionExists.c.o
/usr/bin/cc   -DCHECK_FUNCTION_EXISTS=pthread_create   -o CMakeFiles/cmTC_f743b.dir/CheckFunctionExists.c.o   -c /usr/share/cmake-3.10/Modules/CheckFunctionExists.c
Linking C executable cmTC_f743b
/usr/bin/cmake -E cmake_link_script CMakeFiles/cmTC_f743b.dir/link.txt --verbose=1
/usr/bin/cc  -DCHECK_FUNCTION_EXISTS=pthread_create    -rdynamic CMakeFiles/cmTC_f743b.dir/CheckFunctionExists.c.o  -o cmTC_f743b -lpthreads 
/usr/bin/ld: cannot find -lpthreads
collect2: error: ld returned 1 exit status
CMakeFiles/cmTC_f743b.dir/build.make:97: recipe for target 'cmTC_f743b' failed
make[1]: *** [cmTC_f743b] Error 1
make[1]: Leaving directory '/home/lms/RoboConnectApp/build/kuka_kr5_support/CMakeFiles/CMakeTmp'
Makefile:126: recipe for target 'cmTC_f743b/fast' failed
make: *** [cmTC_f743b/fast] Error 2


